# JRE version: OpenJDK Runtime Environment GraalVM CE 22.3.0 (17.0.5+8) (build 17.0.5+8-jvmci-22.3-b08)
# Java VM: OpenJDK 64-Bit Server VM GraalVM CE 22.3.0 (17.0.5+8-jvmci-22.3-b08, mixed mode, sharing, tiered, jvmci, jvmci compiler, compressed oops, compressed class ptrs, parallel gc, linux-amd64)
GC Precious Log:
 CPUs: 8 total, 1 available
 Memory: 1024M
 Large Page Support: Disabled
 NUMA Support: Disabled
 Compressed Oops: Enabled (32-bit)
 Alignments: Space 512K, Generation 512K, Heap 2M
 Heap Min Capacity: 100M
 Heap Initial Capacity: 100M
 Heap Max Capacity: 512M
 Pre-touch: Disabled
 Parallel Workers: 1
Heap:
 PSYoungGen      total 47616K, used 33280K [0x00000000f5580000, 0x00000000f9400000, 0x0000000100000000)
  eden space 33280K, 100% used [0x00000000f5580000,0x00000000f7600000,0x00000000f7600000)
  from space 14336K, 0% used [0x00000000f7600000,0x00000000f7600000,0x00000000f8400000)
  to   space 14848K, 0% used [0x00000000f8500000,0x00000000f8500000,0x00000000f9380000)
 ParOldGen       total 349696K, used 349695K [0x00000000e0000000, 0x00000000f5580000, 0x00000000f5580000)
  object space 349696K, 99% used [0x00000000e0000000,0x00000000f557fe50,0x00000000f5580000)
 Metaspace       used 52057K, committed 52864K, reserved 1097728K
  class space    used 5159K, committed 5504K, reserved 1048576K
GC Heap History (20 events):
Event: 669.953 GC heap before
{Heap before GC invocations=548 (full 450):
 PSYoungGen      total 47616K, used 33280K [0x00000000f5580000, 0x00000000f9400000, 0x0000000100000000)
  eden space 33280K, 100% used [0x00000000f5580000,0x00000000f7600000,0x00000000f7600000)
  from space 14336K, 0% used [0x00000000f7600000,0x00000000f7600000,0x00000000f8400000)
  to   space 14848K, 0% used [0x00000000f8500000,0x00000000f8500000,0x00000000f9380000)
 ParOldGen       total 349696K, used 349693K [0x00000000e0000000, 0x00000000f5580000, 0x00000000f5580000)
  object space 349696K, 99% used [0x00000000e0000000,0x00000000f557f618,0x00000000f5580000)
 Metaspace       used 52057K, committed 52864K, reserved 1097728K
  class space    used 5159K, committed 5504K, reserved 1048576K
}
Event: 671.203 GC heap after
{Heap after GC invocations=548 (full 450):
 PSYoungGen      total 48128K, used 33280K [0x00000000f5580000, 0x00000000f9400000, 0x0000000100000000)
  eden space 33280K, 100% used [0x00000000f5580000,0x00000000f7600000,0x00000000f7600000)
  from space 14848K, 0% used [0x00000000f8500000,0x00000000f8500000,0x00000000f9380000)
  to   space 14336K, 0% used [0x00000000f7600000,0x00000000f7600000,0x00000000f8400000)
 ParOldGen       total 349696K, used 349693K [0x00000000e0000000, 0x00000000f5580000, 0x00000000f5580000)
  object space 349696K, 99% used [0x00000000e0000000,0x00000000f557f618,0x00000000f5580000)
 Metaspace       used 52057K, committed 52864K, reserved 1097728K
  class space    used 5159K, committed 5504K, reserved 1048576K
}
Event: 671.204 GC heap before
{Heap before GC invocations=549 (full 451):
 PSYoungGen      total 48128K, used 33280K [0x00000000f5580000, 0x00000000f9400000, 0x0000000100000000)
  eden space 33280K, 100% used [0x00000000f5580000,0x00000000f7600000,0x00000000f7600000)
  from space 14848K, 0% used [0x00000000f8500000,0x00000000f8500000,0x00000000f9380000)
  to   space 14336K, 0% used [0x00000000f7600000,0x00000000f7600000,0x00000000f8400000)
 ParOldGen       total 349696K, used 349695K [0x00000000e0000000, 0x00000000f5580000, 0x00000000f5580000)
  object space 349696K, 99% used [0x00000000e0000000,0x00000000f557ffe8,0x00000000f5580000)
 Metaspace       used 52057K, committed 52864K, reserved 1097728K
  class space    used 5159K, committed 5504K, reserved 1048576K
}
Event: 672.509 GC heap after
{Heap after GC invocations=549 (full 451):
 PSYoungGen      total 47616K, used 33279K [0x00000000f5580000, 0x00000000f9400000, 0x0000000100000000)
  eden space 33280K, 99% used [0x00000000f5580000,0x00000000f75fff78,0x00000000f7600000)
  from space 14336K, 0% used [0x00000000f7600000,0x00000000f7600000,0x00000000f8400000)
  to   space 14848K, 0% used [0x00000000f8500000,0x00000000f8500000,0x00000000f9380000)
 ParOldGen       total 349696K, used 349693K [0x00000000e0000000, 0x00000000f5580000, 0x00000000f5580000)
  object space 349696K, 99% used [0x00000000e0000000,0x00000000f557f6e8,0x00000000f5580000)
 Metaspace       used 52057K, committed 52864K, reserved 1097728K
  class space    used 5159K, committed 5504K, reserved 1048576K
}
Event: 672.510 GC heap before
{Heap before GC invocations=550 (full 452):
 PSYoungGen      total 47616K, used 33279K [0x00000000f5580000, 0x00000000f9400000, 0x0000000100000000)
  eden space 33280K, 99% used [0x00000000f5580000,0x00000000f75fffe8,0x00000000f7600000)
  from space 14336K, 0% used [0x00000000f7600000,0x00000000f7600000,0x00000000f8400000)
  to   space 14848K, 0% used [0x00000000f8500000,0x00000000f8500000,0x00000000f9380000)
 ParOldGen       total 349696K, used 349693K [0x00000000e0000000, 0x00000000f5580000, 0x00000000f5580000)
  object space 349696K, 99% used [0x00000000e0000000,0x00000000f557f6e8,0x00000000f5580000)
 Metaspace       used 52057K, committed 52864K, reserved 1097728K
  class space    used 5159K, committed 5504K, reserved 1048576K
}
Event: 673.725 GC heap after
{Heap after GC invocations=550 (full 452):
 PSYoungGen      total 48128K, used 33279K [0x00000000f5580000, 0x00000000f9400000, 0x0000000100000000)
  eden space 33280K, 99% used [0x00000000f5580000,0x00000000f75fffe8,0x00000000f7600000)
  from space 14848K, 0% used [0x00000000f8500000,0x00000000f8500000,0x00000000f9380000)
  to   space 14336K, 0% used [0x00000000f7600000,0x00000000f7600000,0x00000000f8400000)
 ParOldGen       total 349696K, used 349693K [0x00000000e0000000, 0x00000000f5580000, 0x00000000f5580000)
  object space 349696K, 99% used [0x00000000e0000000,0x00000000f557f6c8,0x00000000f5580000)
 Metaspace       used 52057K, committed 52864K, reserved 1097728K
  class space    used 5159K, committed 5504K, reserved 1048576K
}
Event: 673.727 GC heap before
{Heap before GC invocations=551 (full 453):
 PSYoungGen      total 48128K, used 33279K [0x00000000f5580000, 0x00000000f9400000, 0x0000000100000000)
  eden space 33280K, 99% used [0x00000000f5580000,0x00000000f75ffff8,0x00000000f7600000)
  from space 14848K, 0% used [0x00000000f8500000,0x00000000f8500000,0x00000000f9380000)
  to   space 14336K, 0% used [0x00000000f7600000,0x00000000f7600000,0x00000000f8400000)
 ParOldGen       total 349696K, used 349695K [0x00000000e0000000, 0x00000000f5580000, 0x00000000f5580000)
  object space 349696K, 99% used [0x00000000e0000000,0x00000000f557fef0,0x00000000f5580000)
 Metaspace       used 52057K, committed 52864K, reserved 1097728K
  class space    used 5159K, committed 5504K, reserved 1048576K
}
Event: 675.042 GC heap after
{Heap after GC invocations=551 (full 453):
 PSYoungGen      total 47616K, used 33279K [0x00000000f5580000, 0x00000000f9400000, 0x0000000100000000)
  eden space 33280K, 99% used [0x00000000f5580000,0x00000000f75fff78,0x00000000f7600000)
  from space 14336K, 0% used [0x00000000f7600000,0x00000000f7600000,0x00000000f8400000)
  to   space 14848K, 0% used [0x00000000f8500000,0x00000000f8500000,0x00000000f9380000)
 ParOldGen       total 349696K, used 349694K [0x00000000e0000000, 0x00000000f5580000, 0x00000000f5580000)
  object space 349696K, 99% used [0x00000000e0000000,0x00000000f557f8c8,0x00000000f5580000)
 Metaspace       used 52057K, committed 52864K, reserved 1097728K
  class space    used 5159K, committed 5504K, reserved 1048576K
}
Event: 675.042 GC heap before
{Heap before GC invocations=552 (full 454):
 PSYoungGen      total 47616K, used 33279K [0x00000000f5580000, 0x00000000f9400000, 0x0000000100000000)
  eden space 33280K, 99% used [0x00000000f5580000,0x00000000f75ffff0,0x00000000f7600000)
  from space 14336K, 0% used [0x00000000f7600000,0x00000000f7600000,0x00000000f8400000)
  to   space 14848K, 0% used [0x00000000f8500000,0x00000000f8500000,0x00000000f9380000)
 ParOldGen       total 349696K, used 349694K [0x00000000e0000000, 0x00000000f5580000, 0x00000000f5580000)
  object space 349696K, 99% used [0x00000000e0000000,0x00000000f557f8c8,0x00000000f5580000)
 Metaspace       used 52057K, committed 52864K, reserved 1097728K
  class space    used 5159K, committed 5504K, reserved 1048576K
}
Event: 676.438 GC heap after
{Heap after GC invocations=552 (full 454):
 PSYoungGen      total 48128K, used 33279K [0x00000000f5580000, 0x00000000f9400000, 0x0000000100000000)
  eden space 33280K, 99% used [0x00000000f5580000,0x00000000f75fff98,0x00000000f7600000)
  from space 14848K, 0% used [0x00000000f8500000,0x00000000f8500000,0x00000000f9380000)
  to   space 14336K, 0% used [0x00000000f7600000,0x00000000f7600000,0x00000000f8400000)
 ParOldGen       total 349696K, used 349694K [0x00000000e0000000, 0x00000000f5580000, 0x00000000f5580000)
  object space 349696K, 99% used [0x00000000e0000000,0x00000000f557f8c8,0x00000000f5580000)
 Metaspace       used 52057K, committed 52864K, reserved 1097728K
  class space    used 5159K, committed 5504K, reserved 1048576K
}
Event: 676.438 GC heap before
{Heap before GC invocations=553 (full 455):
 PSYoungGen      total 48128K, used 33279K [0x00000000f5580000, 0x00000000f9400000, 0x0000000100000000)
  eden space 33280K, 99% used [0x00000000f5580000,0x00000000f75fffd0,0x00000000f7600000)
  from space 14848K, 0% used [0x00000000f8500000,0x00000000f8500000,0x00000000f9380000)
  to   space 14336K, 0% used [0x00000000f7600000,0x00000000f7600000,0x00000000f8400000)
 ParOldGen       total 349696K, used 349694K [0x00000000e0000000, 0x00000000f5580000, 0x00000000f5580000)
  object space 349696K, 99% used [0x00000000e0000000,0x00000000f557f8c8,0x00000000f5580000)
 Metaspace       used 52057K, committed 52864K, reserved 1097728K
  class space    used 5159K, committed 5504K, reserved 1048576K
}
Event: 677.634 GC heap after
{Heap after GC invocations=553 (full 455):
 PSYoungGen      total 47616K, used 33279K [0x00000000f5580000, 0x00000000f9400000, 0x0000000100000000)
  eden space 33280K, 99% used [0x00000000f5580000,0x00000000f75fffd0,0x00000000f7600000)
  from space 14336K, 0% used [0x00000000f7600000,0x00000000f7600000,0x00000000f8400000)
  to   space 14848K, 0% used [0x00000000f8500000,0x00000000f8500000,0x00000000f9380000)
 ParOldGen       total 349696K, used 349694K [0x00000000e0000000, 0x00000000f5580000, 0x00000000f5580000)
  object space 349696K, 99% used [0x00000000e0000000,0x00000000f557f8c8,0x00000000f5580000)
 Metaspace       used 52057K, committed 52864K, reserved 1097728K
  class space    used 5159K, committed 5504K, reserved 1048576K
}
Event: 677.635 GC heap before
{Heap before GC invocations=554 (full 456):
 PSYoungGen      total 47616K, used 33280K [0x00000000f5580000, 0x00000000f9400000, 0x0000000100000000)
  eden space 33280K, 100% used [0x00000000f5580000,0x00000000f7600000,0x00000000f7600000)
  from space 14336K, 0% used [0x00000000f7600000,0x00000000f7600000,0x00000000f8400000)
  to   space 14848K, 0% used [0x00000000f8500000,0x00000000f8500000,0x00000000f9380000)
 ParOldGen       total 349696K, used 349695K [0x00000000e0000000, 0x00000000f5580000, 0x00000000f5580000)
  object space 349696K, 99% used [0x00000000e0000000,0x00000000f557fff8,0x00000000f5580000)
 Metaspace       used 52057K, committed 52864K, reserved 1097728K
  class space    used 5159K, committed 5504K, reserved 1048576K
}
Event: 679.007 GC heap after
{Heap after GC invocations=554 (full 456):
 PSYoungGen      total 48128K, used 33279K [0x00000000f5580000, 0x00000000f9400000, 0x0000000100000000)
  eden space 33280K, 99% used [0x00000000f5580000,0x00000000f75fffb8,0x00000000f7600000)
  from space 14848K, 0% used [0x00000000f8500000,0x00000000f8500000,0x00000000f9380000)
  to   space 14336K, 0% used [0x00000000f7600000,0x00000000f7600000,0x00000000f8400000)
 ParOldGen       total 349696K, used 349695K [0x00000000e0000000, 0x00000000f5580000, 0x00000000f5580000)
  object space 349696K, 99% used [0x00000000e0000000,0x00000000f557fc18,0x00000000f5580000)
 Metaspace       used 52057K, committed 52864K, reserved 1097728K
  class space    used 5159K, committed 5504K, reserved 1048576K
}
Event: 679.008 GC heap before
{Heap before GC invocations=555 (full 457):
 PSYoungGen      total 48128K, used 33279K [0x00000000f5580000, 0x00000000f9400000, 0x0000000100000000)
  eden space 33280K, 99% used [0x00000000f5580000,0x00000000f75ffff0,0x00000000f7600000)
  from space 14848K, 0% used [0x00000000f8500000,0x00000000f8500000,0x00000000f9380000)
  to   space 14336K, 0% used [0x00000000f7600000,0x00000000f7600000,0x00000000f8400000)
 ParOldGen       total 349696K, used 349695K [0x00000000e0000000, 0x00000000f5580000, 0x00000000f5580000)
  object space 349696K, 99% used [0x00000000e0000000,0x00000000f557fc18,0x00000000f5580000)
 Metaspace       used 52057K, committed 52864K, reserved 1097728K
  class space    used 5159K, committed 5504K, reserved 1048576K
}
Event: 680.224 GC heap after
{Heap after GC invocations=555 (full 457):
 PSYoungGen      total 47616K, used 33279K [0x00000000f5580000, 0x00000000f9400000, 0x0000000100000000)
  eden space 33280K, 99% used [0x00000000f5580000,0x00000000f75ffff0,0x00000000f7600000)
  from space 14336K, 0% used [0x00000000f7600000,0x00000000f7600000,0x00000000f8400000)
  to   space 14848K, 0% used [0x00000000f8500000,0x00000000f8500000,0x00000000f9380000)
 ParOldGen       total 349696K, used 349694K [0x00000000e0000000, 0x00000000f5580000, 0x00000000f5580000)
  object space 349696K, 99% used [0x00000000e0000000,0x00000000f557fbf8,0x00000000f5580000)
 Metaspace       used 52057K, committed 52864K, reserved 1097728K
  class space    used 5159K, committed 5504K, reserved 1048576K
}
Event: 680.225 GC heap before
{Heap before GC invocations=556 (full 458):
 PSYoungGen      total 47616K, used 33280K [0x00000000f5580000, 0x00000000f9400000, 0x0000000100000000)
  eden space 33280K, 100% used [0x00000000f5580000,0x00000000f7600000,0x00000000f7600000)
  from space 14336K, 0% used [0x00000000f7600000,0x00000000f7600000,0x00000000f8400000)
  to   space 14848K, 0% used [0x00000000f8500000,0x00000000f8500000,0x00000000f9380000)
 ParOldGen       total 349696K, used 349695K [0x00000000e0000000, 0x00000000f5580000, 0x00000000f5580000)
  object space 349696K, 99% used [0x00000000e0000000,0x00000000f557ffe0,0x00000000f5580000)
 Metaspace       used 52057K, committed 52864K, reserved 1097728K
  class space    used 5159K, committed 5504K, reserved 1048576K
}
Event: 681.546 GC heap after
{Heap after GC invocations=556 (full 458):
 PSYoungGen      total 48128K, used 33279K [0x00000000f5580000, 0x00000000f9400000, 0x0000000100000000)
  eden space 33280K, 99% used [0x00000000f5580000,0x00000000f75fffd0,0x00000000f7600000)
  from space 14848K, 0% used [0x00000000f8500000,0x00000000f8500000,0x00000000f9380000)
  to   space 14336K, 0% used [0x00000000f7600000,0x00000000f7600000,0x00000000f8400000)
 ParOldGen       total 349696K, used 349695K [0x00000000e0000000, 0x00000000f5580000, 0x00000000f5580000)
  object space 349696K, 99% used [0x00000000e0000000,0x00000000f557fc40,0x00000000f5580000)
 Metaspace       used 52057K, committed 52864K, reserved 1097728K
  class space    used 5159K, committed 5504K, reserved 1048576K
}
Event: 681.546 GC heap before
{Heap before GC invocations=557 (full 459):
 PSYoungGen      total 48128K, used 33279K [0x00000000f5580000, 0x00000000f9400000, 0x0000000100000000)
  eden space 33280K, 99% used [0x00000000f5580000,0x00000000f75fffd0,0x00000000f7600000)
  from space 14848K, 0% used [0x00000000f8500000,0x00000000f8500000,0x00000000f9380000)
  to   space 14336K, 0% used [0x00000000f7600000,0x00000000f7600000,0x00000000f8400000)
 ParOldGen       total 349696K, used 349695K [0x00000000e0000000, 0x00000000f5580000, 0x00000000f5580000)
  object space 349696K, 99% used [0x00000000e0000000,0x00000000f557fc40,0x00000000f5580000)
 Metaspace       used 52057K, committed 52864K, reserved 1097728K
  class space    used 5159K, committed 5504K, reserved 1048576K
}
Event: 682.920 GC heap after
{Heap after GC invocations=557 (full 459):
 PSYoungGen      total 47616K, used 33279K [0x00000000f5580000, 0x00000000f9400000, 0x0000000100000000)
  eden space 33280K, 99% used [0x00000000f5580000,0x00000000f75fffd0,0x00000000f7600000)
  from space 14336K, 0% used [0x00000000f7600000,0x00000000f7600000,0x00000000f8400000)
  to   space 14848K, 0% used [0x00000000f8500000,0x00000000f8500000,0x00000000f9380000)
 ParOldGen       total 349696K, used 349695K [0x00000000e0000000, 0x00000000f5580000, 0x00000000f5580000)
  object space 349696K, 99% used [0x00000000e0000000,0x00000000f557fc40,0x00000000f5580000)
 Metaspace       used 52057K, committed 52864K, reserved 1097728K
  class space    used 5159K, committed 5504K, reserved 1048576K
}

